safebrowsing.googleapis.com	/v4/
ss0.baidu.com	/73t1bjeh1BF3odCf/it/
ss0.baidu.com	/6ONWsjip0QIZ8tyhnq/it/
ss1.baidu.com	/6ONXsjip0QIZ8tyhnq/it/
ss0.bdstatic.com	/9uN1bjq8AAUYm2zgoY3K/
sp0.baidu.com	/5a1Fazu8AA54nxGko9WTAnF6hhy/
www.baidu.com	/home/msg/data/
sp2.baidu.com	/8LUYsjW91Qh3otqbppnN2DJv/
sp3.baidu.com	/-0U_dTmfKgQFm2e88IuM_a/
static2.ichunqiu.com	/icq/resources/js/base/
static2.ichunqiu.com	/icq/resources/js/plugin/
static2.ichunqiu.com	/icq/resources/js/home/
ss2.baidu.com	/6ONYsjip0QIZ8tyhnq/it/
static2.ichunqiu.com	/icq/resources/js/IRD/
static2.ichunqiu.com	/icq/resources/js/
www.ichunqiu.com	/company/qad/
www.ichunqiu.com	/courses/
pingtas.qq.com	/webview/
static2.ichunqiu.com	/icq/resources/js/plugin/static/api/js/
static2.ichunqiu.com	/icq/resources/js/plugin/static/api/js/share/
www.ichunqiu.com	/train/Common/
static2.ichunqiu.com	/icq/resources/js/plugin/static/api/js/view/
static2.ichunqiu.com	/icq/resources/js/plugin/static/api/js/base/
tag.baidu.com	/vcard/
static2.ichunqiu.com	/icq/resources/js/plugin/static/api/js/trans/
static2.ichunqiu.com	/icq/resources/images/
www.ichunqiu.com	/home/
www.ichunqiu.com	/SmallICtl/
at.alicdn.com	/t/
www.ichunqiu.com	/search/
static2.ichunqiu.com	/icq/resources/js/common/
static2.ichunqiu.com	/icq/resources/js/company/qad/
static2.ichunqiu.com	/icq/resources/js/courses/
www.baidu.com	/search/
www.ichunqiu.com	/teacher/
static2.ichunqiu.com	/icq/resources/js/teacher/
www.ichunqiu.com	/MemberCtl/
www.ichunqiu.com	/open/
static2.ichunqiu.com	/icq/resources/js/video/
dm.ichunqiu.com	/socket.io/
www.ichunqiu.com	/danmuCtl/
www.ichunqiu.com	/video/info/
www.ichunqiu.com	/login/
www.ichunqiu.com	/courseCtl/
static2.ichunqiu.com	/icq/resources/js/plugin/static/api/js/component/
www.ichunqiu.com	/course/
ad.wappalyzer.com	/log/wp/
www.ichunqiu.com	/video/key/
mv.ichunqiu.com	/63178_d/5m/
pwn.dog	/lib/jquery_lazyload/
pwn.dog	/lib/velocity/
pwn.dog	/lib/jquery/
pwn.dog	/lib/fastclick/lib/
pwn.dog	/lib/fancybox/source/
safebrowsing.googleapis.com	/v4/
ss0.baidu.com	/73t1bjeh1BF3odCf/it/
ss0.baidu.com	/6ONWsjip0QIZ8tyhnq/it/
ss1.baidu.com	/6ONXsjip0QIZ8tyhnq/it/
ss0.bdstatic.com	/9uN1bjq8AAUYm2zgoY3K/
sp0.baidu.com	/5a1Fazu8AA54nxGko9WTAnF6hhy/
www.baidu.com	/home/msg/data/
sp2.baidu.com	/8LUYsjW91Qh3otqbppnN2DJv/
sp3.baidu.com	/-0U_dTmfKgQFm2e88IuM_a/
static2.ichunqiu.com	/icq/resources/js/base/
static2.ichunqiu.com	/icq/resources/js/plugin/
static2.ichunqiu.com	/icq/resources/js/home/
ss2.baidu.com	/6ONYsjip0QIZ8tyhnq/it/
static2.ichunqiu.com	/icq/resources/js/IRD/
static2.ichunqiu.com	/icq/resources/js/
www.ichunqiu.com	/company/qad/
www.ichunqiu.com	/courses/
pingtas.qq.com	/webview/
static2.ichunqiu.com	/icq/resources/js/plugin/static/api/js/
static2.ichunqiu.com	/icq/resources/js/plugin/static/api/js/share/
www.ichunqiu.com	/train/Common/
static2.ichunqiu.com	/icq/resources/js/plugin/static/api/js/view/
static2.ichunqiu.com	/icq/resources/js/plugin/static/api/js/base/
tag.baidu.com	/vcard/
static2.ichunqiu.com	/icq/resources/js/plugin/static/api/js/trans/
static2.ichunqiu.com	/icq/resources/images/
www.ichunqiu.com	/home/
www.ichunqiu.com	/SmallICtl/
at.alicdn.com	/t/
www.ichunqiu.com	/search/
static2.ichunqiu.com	/icq/resources/js/common/
static2.ichunqiu.com	/icq/resources/js/company/qad/
static2.ichunqiu.com	/icq/resources/js/courses/
www.baidu.com	/search/
www.ichunqiu.com	/teacher/
static2.ichunqiu.com	/icq/resources/js/teacher/
www.ichunqiu.com	/MemberCtl/
www.ichunqiu.com	/open/
static2.ichunqiu.com	/icq/resources/js/video/
dm.ichunqiu.com	/socket.io/
www.ichunqiu.com	/danmuCtl/
www.ichunqiu.com	/video/info/
www.ichunqiu.com	/login/
www.ichunqiu.com	/courseCtl/
static2.ichunqiu.com	/icq/resources/js/plugin/static/api/js/component/
www.ichunqiu.com	/course/
ad.wappalyzer.com	/log/wp/
www.ichunqiu.com	/video/key/
mv.ichunqiu.com	/63178_d/5m/
pwn.dog	/lib/jquery_lazyload/
pwn.dog	/lib/velocity/
pwn.dog	/lib/jquery/
pwn.dog	/lib/fastclick/lib/
pwn.dog	/lib/fancybox/source/
