ss1.baidu.com	/6ONXsjip0QIZ8tyhnq/it/
ss0.bdstatic.com	/9uN1bjq8AAUYm2zgoY3K/
ss0.baidu.com	/73F1bjeh1BF3odCf/it/
ss2.baidu.com	/6ONYsjip0QIZ8tyhnq/it/
ss0.bdstatic.com	/-0U0bnSm1A5BphGlnYG/tam-ogel/
ss1.bdstatic.com	/5eN1bjq8AAUYm2zgoY3K/r/www/cache/static/protocol/https/global/js/
sp0.baidu.com	/5a1Fazu8AA54nxGko9WTAnF6hhy/
www.baidu.com	/home/msg/data/
sp3.baidu.com	/-0U_dTmfKgQFm2e88IuM_a/
j1.58cdn.com.cn	/resource/xxzl/security/js/
security.58.com	/cnzz/
security.58.com	/hero/
safebrowsing.googleapis.com	/v4/
ss1.baidu.com	/6ONXsjip0QIZ8tyhnq/it/
ss0.bdstatic.com	/9uN1bjq8AAUYm2zgoY3K/
ss0.baidu.com	/73F1bjeh1BF3odCf/it/
ss2.baidu.com	/6ONYsjip0QIZ8tyhnq/it/
ss0.bdstatic.com	/-0U0bnSm1A5BphGlnYG/tam-ogel/
ss1.bdstatic.com	/5eN1bjq8AAUYm2zgoY3K/r/www/cache/static/protocol/https/global/js/
sp0.baidu.com	/5a1Fazu8AA54nxGko9WTAnF6hhy/
www.baidu.com	/home/msg/data/
sp3.baidu.com	/-0U_dTmfKgQFm2e88IuM_a/
j1.58cdn.com.cn	/resource/xxzl/security/js/
security.58.com	/cnzz/
security.58.com	/hero/
safebrowsing.googleapis.com	/v4/
www.google-analytics.com	/r/
stats.g.doubleclick.net	/r/
ad.wappalyzer.com	/log/wp/
ss1.bdstatic.com	/6OF1bjeh1BF3odCf/it/
ss0.bdstatic.com	/6Ox1bjeh1BF3odCf/it/
ss0.baidu.com	/6ONWsjip0QIZ8tyhnq/it/
sp2.baidu.com	/8LUYsjW91Qh3otqbppnN2DJv/
jingyan.baidu.com	/article/
fex.bdstatic.com	/hunter/alog/
exp.bdstatic.com	/static/article/widget/exp-video/feeds-video/
exp.bdstatic.com	/static/common-jquery/cyberplayer/
dup.baidustatic.com	/js/
himg.bdimg.com	/sys/portrait/item/
ss1.bdstatic.com	/5eN1bjq8AAUYm2zgoY3K/r/www/cache/biz/ecom/common/api/v-nstip/20151117/
exp.bdstatic.com	/static/article/lib/share/
jingyan.baidu.com	/asyncreq/
exp.bdstatic.com	/static/common/pkg/
exp.bdstatic.com	/static/article/pkg/
exp.bdstatic.com	/static/article/umeditor/lang/zh-cn/
jingyan.baidu.com	/notice/
drm.media.baidubce.com	/v1/
exp.bdstatic.com	/static/article/umeditor/dialogs/map/
exp.bdstatic.com	/static/article/umeditor/dialogs/formula/
pos.baidu.com	/bfp/
drm.media.baidubce.com	/v1/sdk-player/media/web/
drm.media.baidubce.com	/v1/sdk-player/user/web/
pos.baidu.com	/wh/
dup.baidustatic.com	/tpl/
ss0.bdstatic.com	/5aV1bjqh_Q23odCf/static/superlanding/js/lib/
ss0.bdstatic.com	/5aV1bjqh_Q23odCf/static/superlanding/js/
ss0.bdstatic.com	/5aV1bjqh_Q23odCf/static/superlanding/js/article/
gss0.bdstatic.com	/5bd1bjqh_Q23odCf/static/wiseindex/img/
cpro.baidustatic.com	/cpro/ui/
mbd.baidu.com	/newspage/api/
github.githubassets.com	/assets/
avatars0.githubusercontent.com	/u/
github.com	/dashboard/
live.github.com	/_sockets/
collector.githubapp.com	/github/
api.github.com	/_private/browser/
github.com	/_graphql/
collector.githubapp.com	/github-external/
github.com	/search/
github.com	/xl7dev/
github.githubassets.com	/images/
avatars2.githubusercontent.com	/u/
github.com	/xl7dev/BurpSuite/
github.com	/xl7dev/BurpSuite/tree/master/
github.com	/xl7dev/BurpSuite/tree/master/Extender/
github.com	/xl7dev/BurpSuite/file-list/master/Extender/
github.com	/xl7dev/BurpSuite/tree-commit/d1d4bd4981a87f2f4c0c9744ad7c476336c813da/Extender/
github.com	/pathetiq/
camo.githubusercontent.com	/70bee75580f423e1941a97587d57fb5d496d4980/
github.com	/pathetiq/BurpSmartBuster/
fanyi.bdstatic.com	/static/translation/lib/third_party/
passport.baidu.com	/passApi/js/
github.com	/Meatballs1/
github.com	/Meatballs1/burp-extensions/
avatars1.githubusercontent.com	/u/
github.com	/Meatballs1/burp-extensions/ref-list/
github.com	/Meatballs1/burp-extensions/tree/master/
github.com	/Meatballs1/burp-extensions/file-list/master/
github.com	/Meatballs1/burp-extensions/tree-commit/ca867d8de38c28e72ce9336fd74f5f26e771cf66/
github.com	/Meatballs1/burp-extensions/ref-list/master/
github.com	/PeterMosmans/
github.com	/PeterMosmans/burp-extensions/
github.com	/infodel/
github.com	/infodel/burp.extension-googlehack/
github.com	/infodel/burp.extension-googlehack/tree-commit/
github.com	/infodel/burp.extension-googlehack/file-list/
camo.githubusercontent.com	/a0a5417fa4e410bb5cee53aa158337c848c62247/
github.com	/PeterMosmans/burp-extensions/blob/master/Blackhole_Hosts/
github.com	/PeterMosmans/burp-extensions/contributors/master/Blackhole_Hosts/
github.com	/PeterMosmans/burp-extensions/ref-list/master/Blackhole_Hosts/
github.com	/laconicwolf/
github.com	/laconicwolf/Burp-API-Scripts/
github.com	/laconicwolf/Burp-API-Scripts/file-list/
github.com	/laconicwolf/Burp-API-Scripts/tree-commit/
avatars3.githubusercontent.com	/u/
ss0.baidu.com	/73x1bjeh1BF3odCf/it/
sp1.baidu.com	/5b11fzupBgM18t7jm9iCKT-xh_/sensearch/
portswigger.net	/burp/extender/
portswigger.net	/bundles/generic/
portswigger.net	/content/images/logos/
portswigger.net	/Content/Fonts/ps-icons/
portswigger.net	/content/images/svg/
portswigger.net	/bundles/bappstore/
portswigger.net	/Content/Images/svg/
github.com	/orgs/PortSwigger/topics/
github.com	/PortSwigger/request-randomizer/graphs/
github.com	/PortSwigger/additional-scanner-checks/graphs/
github.com	/PortSwigger/hackvertor/graphs/
github.com	/PortSwigger/log-requests-to-sqlite/graphs/
github.com	/PortSwigger/scan-check-builder/graphs/
github.com	/PortSwigger/detect-dynamic-js/graphs/
github.com	/PortSwigger/json-web-tokens/graphs/
github.com	/PortSwigger/multi-browser-highlighting/graphs/
github.com	/PortSwigger/additional-csrf-checks/graphs/
github.com	/PortSwigger/response-clusterer/graphs/
github.com	/PortSwigger/param-miner/graphs/
github.com	/PortSwigger/log-viewer/graphs/
github.com	/PortSwigger/upload-scanner/graphs/
github.com	/PortSwigger/burpelfish/graphs/
github.com	/PortSwigger/nginx-alias-traversal/graphs/
github.com	/PortSwigger/waf-detect/graphs/
github.com	/PortSwigger/sri-check/graphs/
github.com	/PortSwigger/token-extractor/graphs/
github.com	/PortSwigger/openapi-parser/graphs/
github.com	/PortSwigger/elastic-burp/graphs/
github.com	/PortSwigger/mine-sweeper/graphs/
github.com	/PortSwigger/websphere-portlet-state-decoder/graphs/
github.com	/PortSwigger/proxy-auto-config/graphs/
github.com	/PortSwigger/hackability/graphs/
github.com	/PortSwigger/attack-surface-detector/graphs/
github.com	/PortSwigger/brida/graphs/
github.com	/PortSwigger/exiftool-scanner/graphs/
github.com	/PortSwigger/collaborator-everywhere/graphs/
github.com	/PortSwigger/cookie-decrypter/graphs/
github.com	/PortSwigger/backup-finder/graphs/
github.com	/PortSwigger/json-decoder/graphs/
github.com	/PortSwigger/json-web-token-attacker/graphs/
github.com	/PortSwigger/postman-integration/graphs/
github.com	/PortSwigger/jsonp-scanner-check/graphs/
github.com	/PortSwigger/json-beautifier/graphs/
github.com	/PortSwigger/
camo.githubusercontent.com	/b97be2b675a2f1ebd3a3f99d4ef49e6fc6871c3b/
github.com	/PortSwigger/json-decoder/
github.com	/PortSwigger/json-decoder/file-list/
github.com	/PortSwigger/json-decoder/blob/master/
github.com	/PortSwigger/json-decoder/contributors/master/
camo.githubusercontent.com	/819d6abc22f836d7f373b5075ea1db296233bda4/
gh0st.cn	/archives/2019-01-01/
gh0st.cn	/index/
gh0st.cn	/index/2/
gh0st.cn	/archives/2018-08-28/
gh0st.cn	/archives/2018-07-25/
tjs.sjs.sinajs.cn	/open/api/js/
www.vipread.com	/static/assets/js/plugins/loaders/
www.vipread.com	/static/assets/js/core/libraries/
www.vipread.com	/static/assets/js/plugins/ui/
www.vipread.com	/static/assets/js/plugins/media/
www.vipread.com	/static/assets/js/plugins/tables/datatables/
www.vipread.com	/static/assets/js/core/
www.vipread.com	/static/js/
www.vipread.com	/static/assets/js/pages/
www.vipread.com	/static/assets/js/plugins/forms/styling/
www.vipread.com	/static/assets/js/plugins/forms/selects/
api.weibo.com	/2/oauth2/
cdnjs.cloudflare.com	/ajax/libs/pagedown/1.0/
cdnjs.cloudflare.com	/ajax/libs/moment.js/2.18.1/
www.vipread.com	/static/assets/css/icons/icomoon/fonts/
fonts.gstatic.com	/s/roboto/v15/
www.vipread.com	/library/
www.vipread.com	/library/item/
www.vipread.com	/static/assets/js/plugins/forms/inputs/typeahead/
www.vipread.com	/static/assets/js/plugins/forms/inputs/
www.vipread.com	/static/js/sijax/
www.vipread.com	/static/assets/js/plugins/forms/tags/
www.vipread.com	/static/assets/js/plugins/forms/validation/
www.vipread.com	/download/
api.weibo.com	/oauth2/
api.weibo.com	/oauth2/js/sso/
api.weibo.com	/oauth2/js/
api.weibo.com	/oauth2/qrcode_authorize/
vipread.com	/auth/
vipread.com	/static/assets/js/plugins/loaders/
vipread.com	/static/assets/js/core/libraries/
vipread.com	/static/assets/js/plugins/ui/
vipread.com	/static/assets/js/plugins/media/
vipread.com	/static/assets/js/plugins/forms/styling/
vipread.com	/static/assets/js/pages/
vipread.com	/static/js/
vipread.com	/static/assets/js/core/
vipread.com	/static/assets/js/plugins/forms/selects/
vipread.com	/static/assets/js/plugins/tables/datatables/
vipread.com	/static/assets/css/icons/icomoon/fonts/
vipread.com	/library/
vipread.com	/library/item/
vipread.com	/static/assets/js/plugins/forms/tags/
vipread.com	/static/assets/js/plugins/forms/inputs/
vipread.com	/static/js/sijax/
vipread.com	/static/assets/js/plugins/forms/validation/
vipread.com	/static/assets/js/plugins/forms/inputs/typeahead/
vipread.com	/download/
pan.baidu.com	/s/
pan.baidu.com	/box-static/consult/
pan.baidu.com	/sns/box-static/disk-share/js/
pan.baidu.com	/sns/box-static/disk-share/widget/data/
pan.baidu.com	/sns/box-static/disk-share/pkg/
pcsdata.baidu.com	/rest/2.0/pcs/
pcs.baidu.com	/rest/2.0/pcs/
pan.baidu.com	/api/report/
pan.baidu.com	/box-static/function-widget-1/pkg/
pan.baidu.com	/pcloud/comment/
pan.baidu.com	/share/
pan.baidu.com	/pcloud/like/
pan.baidu.com	/feproxy/ad/
pan.baidu.com	/api/account/
pan.baidu.com	/api/
pan.baidu.com	/box-static/disk-header/
pan.baidu.com	/disk/
pan.baidu.com	/pcloud/user/
pan.baidu.com	/box-static/file-widget-1/pkg/
passport.baidu.com	/v3/login/api/
pan.baidu.com	/box-static/disk-header/header/css/fonts/
pan.baidu.com	/pcloud/counter/
pan.baidu.com	/yun-static/common/js/
pan.baidu.com	/rest/2.0/membership/
pan.baidu.com	/rest/2.0/pcs/
pan.baidu.com	/sbox/user/
pan.baidu.com	/notice/
pcsdata.baidu.com	/doc/
webpush.pan.baidu.com	/socket.io/
pan.baidu.com	/res/static/images/
pan.baidu.com	/api/auth/
d.pcs.baidu.com	/rest/2.0/pcs/
d.pcs.baidu.com	/file/
yqall01.baidupcs.com	/file/
sb-ssl.google.com	/safebrowsing/clientreport/
ss1.baidu.com	/6ONXsjip0QIZ8tyhnq/it/
ss0.bdstatic.com	/9uN1bjq8AAUYm2zgoY3K/
ss0.baidu.com	/73F1bjeh1BF3odCf/it/
ss2.baidu.com	/6ONYsjip0QIZ8tyhnq/it/
ss0.bdstatic.com	/-0U0bnSm1A5BphGlnYG/tam-ogel/
ss1.bdstatic.com	/5eN1bjq8AAUYm2zgoY3K/r/www/cache/static/protocol/https/global/js/
sp0.baidu.com	/5a1Fazu8AA54nxGko9WTAnF6hhy/
www.baidu.com	/home/msg/data/
sp3.baidu.com	/-0U_dTmfKgQFm2e88IuM_a/
j1.58cdn.com.cn	/resource/xxzl/security/js/
security.58.com	/cnzz/
security.58.com	/hero/
safebrowsing.googleapis.com	/v4/
www.google-analytics.com	/r/
stats.g.doubleclick.net	/r/
ad.wappalyzer.com	/log/wp/
ss1.bdstatic.com	/6OF1bjeh1BF3odCf/it/
ss0.bdstatic.com	/6Ox1bjeh1BF3odCf/it/
ss0.baidu.com	/6ONWsjip0QIZ8tyhnq/it/
sp2.baidu.com	/8LUYsjW91Qh3otqbppnN2DJv/
jingyan.baidu.com	/article/
fex.bdstatic.com	/hunter/alog/
exp.bdstatic.com	/static/article/widget/exp-video/feeds-video/
exp.bdstatic.com	/static/common-jquery/cyberplayer/
dup.baidustatic.com	/js/
himg.bdimg.com	/sys/portrait/item/
ss1.bdstatic.com	/5eN1bjq8AAUYm2zgoY3K/r/www/cache/biz/ecom/common/api/v-nstip/20151117/
exp.bdstatic.com	/static/article/lib/share/
jingyan.baidu.com	/asyncreq/
exp.bdstatic.com	/static/common/pkg/
exp.bdstatic.com	/static/article/pkg/
exp.bdstatic.com	/static/article/umeditor/lang/zh-cn/
jingyan.baidu.com	/notice/
drm.media.baidubce.com	/v1/
exp.bdstatic.com	/static/article/umeditor/dialogs/map/
exp.bdstatic.com	/static/article/umeditor/dialogs/formula/
pos.baidu.com	/bfp/
drm.media.baidubce.com	/v1/sdk-player/media/web/
drm.media.baidubce.com	/v1/sdk-player/user/web/
pos.baidu.com	/wh/
dup.baidustatic.com	/tpl/
ss0.bdstatic.com	/5aV1bjqh_Q23odCf/static/superlanding/js/lib/
ss0.bdstatic.com	/5aV1bjqh_Q23odCf/static/superlanding/js/
ss0.bdstatic.com	/5aV1bjqh_Q23odCf/static/superlanding/js/article/
gss0.bdstatic.com	/5bd1bjqh_Q23odCf/static/wiseindex/img/
cpro.baidustatic.com	/cpro/ui/
mbd.baidu.com	/newspage/api/
github.githubassets.com	/assets/
avatars0.githubusercontent.com	/u/
github.com	/dashboard/
live.github.com	/_sockets/
collector.githubapp.com	/github/
api.github.com	/_private/browser/
github.com	/_graphql/
collector.githubapp.com	/github-external/
github.com	/search/
github.com	/xl7dev/
github.githubassets.com	/images/
avatars2.githubusercontent.com	/u/
github.com	/xl7dev/BurpSuite/
github.com	/xl7dev/BurpSuite/tree/master/
github.com	/xl7dev/BurpSuite/tree/master/Extender/
github.com	/xl7dev/BurpSuite/file-list/master/Extender/
github.com	/xl7dev/BurpSuite/tree-commit/d1d4bd4981a87f2f4c0c9744ad7c476336c813da/Extender/
github.com	/pathetiq/
camo.githubusercontent.com	/70bee75580f423e1941a97587d57fb5d496d4980/
github.com	/pathetiq/BurpSmartBuster/
fanyi.bdstatic.com	/static/translation/lib/third_party/
passport.baidu.com	/passApi/js/
github.com	/Meatballs1/
github.com	/Meatballs1/burp-extensions/
avatars1.githubusercontent.com	/u/
github.com	/Meatballs1/burp-extensions/ref-list/
github.com	/Meatballs1/burp-extensions/tree/master/
github.com	/Meatballs1/burp-extensions/file-list/master/
github.com	/Meatballs1/burp-extensions/tree-commit/ca867d8de38c28e72ce9336fd74f5f26e771cf66/
github.com	/Meatballs1/burp-extensions/ref-list/master/
github.com	/PeterMosmans/
github.com	/PeterMosmans/burp-extensions/
github.com	/infodel/
github.com	/infodel/burp.extension-googlehack/
github.com	/infodel/burp.extension-googlehack/tree-commit/
github.com	/infodel/burp.extension-googlehack/file-list/
camo.githubusercontent.com	/a0a5417fa4e410bb5cee53aa158337c848c62247/
github.com	/PeterMosmans/burp-extensions/blob/master/Blackhole_Hosts/
github.com	/PeterMosmans/burp-extensions/contributors/master/Blackhole_Hosts/
github.com	/PeterMosmans/burp-extensions/ref-list/master/Blackhole_Hosts/
github.com	/laconicwolf/
github.com	/laconicwolf/Burp-API-Scripts/
github.com	/laconicwolf/Burp-API-Scripts/file-list/
github.com	/laconicwolf/Burp-API-Scripts/tree-commit/
avatars3.githubusercontent.com	/u/
ss0.baidu.com	/73x1bjeh1BF3odCf/it/
sp1.baidu.com	/5b11fzupBgM18t7jm9iCKT-xh_/sensearch/
portswigger.net	/burp/extender/
portswigger.net	/bundles/generic/
portswigger.net	/content/images/logos/
portswigger.net	/Content/Fonts/ps-icons/
portswigger.net	/content/images/svg/
portswigger.net	/bundles/bappstore/
portswigger.net	/Content/Images/svg/
github.com	/orgs/PortSwigger/topics/
github.com	/PortSwigger/request-randomizer/graphs/
github.com	/PortSwigger/additional-scanner-checks/graphs/
github.com	/PortSwigger/hackvertor/graphs/
github.com	/PortSwigger/log-requests-to-sqlite/graphs/
github.com	/PortSwigger/scan-check-builder/graphs/
github.com	/PortSwigger/detect-dynamic-js/graphs/
github.com	/PortSwigger/json-web-tokens/graphs/
github.com	/PortSwigger/multi-browser-highlighting/graphs/
github.com	/PortSwigger/additional-csrf-checks/graphs/
github.com	/PortSwigger/response-clusterer/graphs/
github.com	/PortSwigger/param-miner/graphs/
github.com	/PortSwigger/log-viewer/graphs/
github.com	/PortSwigger/upload-scanner/graphs/
github.com	/PortSwigger/burpelfish/graphs/
github.com	/PortSwigger/nginx-alias-traversal/graphs/
github.com	/PortSwigger/waf-detect/graphs/
github.com	/PortSwigger/sri-check/graphs/
github.com	/PortSwigger/token-extractor/graphs/
github.com	/PortSwigger/openapi-parser/graphs/
github.com	/PortSwigger/elastic-burp/graphs/
github.com	/PortSwigger/mine-sweeper/graphs/
github.com	/PortSwigger/websphere-portlet-state-decoder/graphs/
github.com	/PortSwigger/proxy-auto-config/graphs/
github.com	/PortSwigger/hackability/graphs/
github.com	/PortSwigger/attack-surface-detector/graphs/
github.com	/PortSwigger/brida/graphs/
github.com	/PortSwigger/exiftool-scanner/graphs/
github.com	/PortSwigger/collaborator-everywhere/graphs/
github.com	/PortSwigger/cookie-decrypter/graphs/
github.com	/PortSwigger/backup-finder/graphs/
github.com	/PortSwigger/json-decoder/graphs/
github.com	/PortSwigger/json-web-token-attacker/graphs/
github.com	/PortSwigger/postman-integration/graphs/
github.com	/PortSwigger/jsonp-scanner-check/graphs/
github.com	/PortSwigger/json-beautifier/graphs/
github.com	/PortSwigger/
camo.githubusercontent.com	/b97be2b675a2f1ebd3a3f99d4ef49e6fc6871c3b/
github.com	/PortSwigger/json-decoder/
github.com	/PortSwigger/json-decoder/file-list/
github.com	/PortSwigger/json-decoder/blob/master/
github.com	/PortSwigger/json-decoder/contributors/master/
camo.githubusercontent.com	/819d6abc22f836d7f373b5075ea1db296233bda4/
gh0st.cn	/archives/2019-01-01/
gh0st.cn	/index/
gh0st.cn	/index/2/
gh0st.cn	/archives/2018-08-28/
gh0st.cn	/archives/2018-07-25/
tjs.sjs.sinajs.cn	/open/api/js/
www.vipread.com	/static/assets/js/plugins/loaders/
www.vipread.com	/static/assets/js/core/libraries/
www.vipread.com	/static/assets/js/plugins/ui/
www.vipread.com	/static/assets/js/plugins/media/
www.vipread.com	/static/assets/js/plugins/tables/datatables/
www.vipread.com	/static/assets/js/core/
www.vipread.com	/static/js/
www.vipread.com	/static/assets/js/pages/
www.vipread.com	/static/assets/js/plugins/forms/styling/
www.vipread.com	/static/assets/js/plugins/forms/selects/
api.weibo.com	/2/oauth2/
cdnjs.cloudflare.com	/ajax/libs/pagedown/1.0/
cdnjs.cloudflare.com	/ajax/libs/moment.js/2.18.1/
www.vipread.com	/static/assets/css/icons/icomoon/fonts/
fonts.gstatic.com	/s/roboto/v15/
www.vipread.com	/library/
www.vipread.com	/library/item/
www.vipread.com	/static/assets/js/plugins/forms/inputs/typeahead/
www.vipread.com	/static/assets/js/plugins/forms/inputs/
www.vipread.com	/static/js/sijax/
www.vipread.com	/static/assets/js/plugins/forms/tags/
www.vipread.com	/static/assets/js/plugins/forms/validation/
www.vipread.com	/download/
api.weibo.com	/oauth2/
api.weibo.com	/oauth2/js/sso/
api.weibo.com	/oauth2/js/
api.weibo.com	/oauth2/qrcode_authorize/
vipread.com	/auth/
vipread.com	/static/assets/js/plugins/loaders/
vipread.com	/static/assets/js/core/libraries/
vipread.com	/static/assets/js/plugins/ui/
vipread.com	/static/assets/js/plugins/media/
vipread.com	/static/assets/js/plugins/forms/styling/
vipread.com	/static/assets/js/pages/
vipread.com	/static/js/
vipread.com	/static/assets/js/core/
vipread.com	/static/assets/js/plugins/forms/selects/
vipread.com	/static/assets/js/plugins/tables/datatables/
vipread.com	/static/assets/css/icons/icomoon/fonts/
vipread.com	/library/
vipread.com	/library/item/
vipread.com	/static/assets/js/plugins/forms/tags/
vipread.com	/static/assets/js/plugins/forms/inputs/
vipread.com	/static/js/sijax/
vipread.com	/static/assets/js/plugins/forms/validation/
vipread.com	/static/assets/js/plugins/forms/inputs/typeahead/
vipread.com	/download/
pan.baidu.com	/s/
pan.baidu.com	/box-static/consult/
pan.baidu.com	/sns/box-static/disk-share/js/
pan.baidu.com	/sns/box-static/disk-share/widget/data/
pan.baidu.com	/sns/box-static/disk-share/pkg/
pcsdata.baidu.com	/rest/2.0/pcs/
pcs.baidu.com	/rest/2.0/pcs/
pan.baidu.com	/api/report/
pan.baidu.com	/box-static/function-widget-1/pkg/
pan.baidu.com	/pcloud/comment/
pan.baidu.com	/share/
pan.baidu.com	/pcloud/like/
pan.baidu.com	/feproxy/ad/
pan.baidu.com	/api/account/
pan.baidu.com	/api/
pan.baidu.com	/box-static/disk-header/
pan.baidu.com	/disk/
pan.baidu.com	/pcloud/user/
pan.baidu.com	/box-static/file-widget-1/pkg/
passport.baidu.com	/v3/login/api/
pan.baidu.com	/box-static/disk-header/header/css/fonts/
pan.baidu.com	/pcloud/counter/
pan.baidu.com	/yun-static/common/js/
pan.baidu.com	/rest/2.0/membership/
pan.baidu.com	/rest/2.0/pcs/
pan.baidu.com	/sbox/user/
pan.baidu.com	/notice/
pcsdata.baidu.com	/doc/
webpush.pan.baidu.com	/socket.io/
pan.baidu.com	/res/static/images/
pan.baidu.com	/api/auth/
d.pcs.baidu.com	/rest/2.0/pcs/
d.pcs.baidu.com	/file/
yqall01.baidupcs.com	/file/
sb-ssl.google.com	/safebrowsing/clientreport/
