j1.58cdn.com.cn	/webim/js/
api.58.com	/frontapi/
api.58.com	/moji/weathernew/
api.58.com	/comm/
adshow.58.com	/js/
passport.58.com	/login/
passport.58.com	/frontend/
passport.58.com	/keepalive/
passport.58.com	/keepalive/qrcode/
mp.weixin.qq.com	/cgi-bin/
passport.58.com	/login/pc/
stat-58home.58che.com	/adrs/
message.58.com	/api/msgcount/
ppuswapapi.58.com	/swap/
im.58.com	/user/
im.58.com	/msg/
static.zhihu.com	/heifetz/
unpkg.zhimg.com	/@cfe/sentry-script@latest/dist/
unpkg.zhimg.com	/@cfe/sentry-script@0.0.10/dist/
static.zhihu.com	/static/
www.zhihu.com	/api/v4/search/
www.zhihu.com	/api/v3/oauth/sms/
www.zhihu.com	/api/v3/oauth/
unpkg.zhimg.com	/za-js-sdk@latest/dist/
unpkg.zhimg.com	/@cfe/zfeedback@latest/build/
unpkg.zhimg.com	/za-js-sdk@2.12.0/dist/
unpkg.zhimg.com	/@cfe/zfeedback@3.4.4/build/
zhihu-web-analytics.zhihu.com	/api/v1/
www.zhihu.com	/api/v3/oauth/validate/
zhihu-web-analytics.zhihu.com	/api/v1/logs/
www.zhihu.com	/api/v3/oauth/auth/
j1.58cdn.com.cn	/webim/js/
api.58.com	/frontapi/
api.58.com	/moji/weathernew/
api.58.com	/comm/
adshow.58.com	/js/
passport.58.com	/login/
passport.58.com	/frontend/
passport.58.com	/keepalive/
passport.58.com	/keepalive/qrcode/
mp.weixin.qq.com	/cgi-bin/
passport.58.com	/login/pc/
stat-58home.58che.com	/adrs/
message.58.com	/api/msgcount/
ppuswapapi.58.com	/swap/
im.58.com	/user/
im.58.com	/msg/
static.zhihu.com	/heifetz/
unpkg.zhimg.com	/@cfe/sentry-script@latest/dist/
unpkg.zhimg.com	/@cfe/sentry-script@0.0.10/dist/
static.zhihu.com	/static/
www.zhihu.com	/api/v4/search/
www.zhihu.com	/api/v3/oauth/sms/
www.zhihu.com	/api/v3/oauth/
unpkg.zhimg.com	/za-js-sdk@latest/dist/
unpkg.zhimg.com	/@cfe/zfeedback@latest/build/
unpkg.zhimg.com	/za-js-sdk@2.12.0/dist/
unpkg.zhimg.com	/@cfe/zfeedback@3.4.4/build/
zhihu-web-analytics.zhihu.com	/api/v1/
www.zhihu.com	/api/v3/oauth/validate/
zhihu-web-analytics.zhihu.com	/api/v1/logs/
www.zhihu.com	/api/v3/oauth/auth/
