wp.mail.qq.com	r,u,s,k,t,i,r
safebrowsing.googleapis.com	$ct,key,$httpMethod,$req
www.baidu.com	wd,tn,ie,action
www.baidu.com	wd,tn,ie
ss0.baidu.com	w,h,s
ss0.bdstatic.com	imglist,cb
sp0.baidu.com	wd,json,p,sid,req,bs,csor,cb
www.baidu.com	callback,num,sid
sp2.baidu.com	url,query,cb,data_name,ie,oe,format,t
www.baidu.com	url,wd,eqid
s13.cnzz.com	id,web_id
tajs.qq.com	sId
sp3.baidu.com	pid,fp,im,wf,br,qid,bi,psid
static2.ichunqiu.com	v
c.cnzz.com	web_id,t
hm.baidu.com	2d0601bd28de7d49818249cf35d95943
pingtas.qq.com	dm,pvi,si,url,arg,ty,rdm,rurl,rarg,adt,r2,r3,r4,fl,scr,scl,lg,jv,tz,ct,ext,pf,random
tag.baidu.com	siteid,url,source,rnd,hm
z7.cnzz.com	id,r,lg,ntime,cnzz_eid,showp,t,umuuid,h,rnd
www.ichunqiu.com	rs
www.ichunqiu.com	type,key_word,rs
www.ichunqiu.com	course_list,rs
dm.ichunqiu.com	EIO,transport,t
www.ichunqiu.com	courseID
www.ichunqiu.com	type,rs,type
www.ichunqiu.com	t
www.ichunqiu.com	cid,pageIndex,pageSize
dm.ichunqiu.com	EIO,transport,sid
dm.ichunqiu.com	EIO,transport,t,sid
www.ichunqiu.com	cid
www.ichunqiu.com	number,rs
ad.wappalyzer.com	url,isHP,referrer,rand,startTime,finalPageUrl,event,version,mrev,msgNum,timestamp,pageVis,pageFoc,url,isHP,referrer,rand,startTime,finalPageUrl,event,version,mrev,msgNum,timestamp,pageVis,pageFoc,url,isHP,referrer,rand,startTime,finalPageUrl,event,version,mrev,msgNum,timestamp,pageVis,pageFoc,url,isHP,referrer,rand,startTime,finalPageUrl,event,version,mrev,msgNum,timestamp,pageVis,pageFoc,url,isHP,referrer,rand,startTime,finalPageUrl,event,version,mrev,msgNum,timestamp,pageVis,pageFoc,url,isHP,referrer,rand,startTime,finalPageUrl,event,version,mrev,msgNum,timestamp,pageVis,pageFoc,url,isHP,referrer,rand,startTime,finalPageUrl,event,version,mrev,msgNum,timestamp,pageVis,pageFoc,url,isHP,referrer,rand,startTime,finalPageUrl,event,version,mrev,msgNum,timestamp,pageVis,pageFoc,url,isHP,referrer,rand,startTime,finalPageUrl,event,version,mrev,msgNum,timestamp,pageVis,pageFoc,url,isHP,referrer,rand,startTime,finalPageUrl,event,version,mrev,msgNum,timestamp,pageVis,pageFoc,url,isHP,referrer,rand,startTime,finalPageUrl,event,version,mrev,msgNum,timestamp,pageVis,pageFoc,url,isHP,referrer,rand,startTime,finalPageUrl,event,version,mrev,msgNum,timestamp,pageVis,pageFoc,url,isHP,referrer,rand,startTime,finalPageUrl,event,version,mrev,msgNum,timestamp,pageVis,pageFoc,url,isHP,referrer,rand,startTime,finalPageUrl,event,version,mrev,msgNum,timestamp,pageVis,pageFoc,url,isHP,referrer,rand,startTime,finalPageUrl,event,version,mrev,msgNum,timestamp,pageVis,pageFoc,url,isHP,referrer,rand,startTime,finalPageUrl,event,version,mrev,msgNum,timestamp,pageVis,pageFoc,url,isHP,referrer,rand,startTime,finalPageUrl,event,version,mrev,msgNum,timestamp,pageVis,pageFoc,url,isHP,referrer,rand,startTime,finalPageUrl,event,version,mrev,msgNum,timestamp,pageVis,pageFoc,url,isHP,referrer,rand,startTime,finalPageUrl,event,version,mrev,msgNum,timestamp,pageVis,pageFoc,url,isHP,referrer,rand,startTime,finalPageUrl,event,version,mrev,msgNum,timestamp,pageVis,pageFoc,url,isHP,referrer,rand,startTime,finalPageUrl,event,version,mrev,msgNum,timestamp,pageVis,pageFoc,url,isHP,referrer,rand,startTime,finalPageUrl,event,version,mrev,msgNum,timestamp,pageVis,pageFoc,url,isHP,referrer,rand,startTime,finalPageUrl,event,version,mrev,msgNum,timestamp,pageVis,pageFoc,url,isHP,referrer,rand,startTime,finalPageUrl,event,version,mrev,msgNum,timestamp,pageVis,pageFoc,url,isHP,referrer,rand,startTime,finalPageUrl,event,version,mrev,msgNum,timestamp,pageVis,pageFoc,url,isHP,referrer,rand,startTime,finalPageUrl,event,version,mrev,msgNum,timestamp,pageVis,pageFoc,url,isHP,referrer,rand,startTime,finalPageUrl,event,version,mrev,msgNum,timestamp,pageVis,pageFoc,url,isHP,referrer,rand,startTime,finalPageUrl,event,version,mrev,msgNum,timestamp,pageVis,pageFoc,url,isHP,referrer,rand,startTime,finalPageUrl,event,version,mrev,msgNum,timestamp,pageVis,pageFoc,url,isHP,referrer,rand,startTime,finalPageUrl,event,version,mrev,msgNum,timestamp,pageVis,pageFoc,url,isHP,referrer,rand,startTime,finalPageUrl,event,version,mrev,msgNum,timestamp,pageVis,pageFoc,url,isHP,referrer,rand,startTime,finalPageUrl,event,version,mrev,msgNum,timestamp,pageVis,pageFoc,url,isHP,referrer,rand,startTime,finalPageUrl,event,version,mrev,msgNum,timestamp,pageVis,pageFoc,url,isHP,referrer,rand,startTime,finalPageUrl,event,version,mrev,msgNum,timestamp,pageVis,pageFoc,url,isHP,referrer,rand,startTime,finalPageUrl,event,version,mrev,msgNum,timestamp,pageVis,pageFoc,url,isHP,referrer,rand,startTime,finalPageUrl,event,version,mrev,msgNum,timestamp,pageVis,pageFoc,url,isHP,referrer,rand,startTime,finalPageUrl,event,version,mrev,msgNum,timestamp,pageVis,pageFoc,url,isHP,referrer,rand,startTime,finalPageUrl,event,version,mrev,msgNum,timestamp,pageVis,pageFoc,url,isHP,referrer,rand,startTime,finalPageUrl,event,version,mrev,msgNum,timestamp,pageVis,pageFoc,url,isHP,referrer,rand,startTime,finalPageUrl,event,version,mrev,msgNum,timestamp,pageVis,pageFoc,url,isHP,referrer,rand,startTime,finalPageUrl,event,version,mrev,msgNum,timestamp,pageVis,pageFoc,url,isHP,referrer,rand,startTime,finalPageUrl,event,version,mrev,msgNum,timestamp,pageVis,pageFoc,url,isHP,referrer,rand,startTime,finalPageUrl,event,version,mrev,msgNum,timestamp,pageVis,pageFoc,url,isHP,referrer,rand,startTime,finalPageUrl,event,version,mrev,msgNum,timestamp,pageVis,pageFoc,url,isHP,referrer,rand,startTime,finalPageUrl,event,version,mrev,msgNum,timestamp,pageVis,pageFoc,url,isHP,referrer,rand,startTime,finalPageUrl,event,version,mrev,msgNum,timestamp,pageVis,pageFoc,url,isHP,referrer,rand,startTime,finalPageUrl,event,version,mrev,msgNum,timestamp,pageVis,pageFoc,url,isHP,referrer,rand,startTime,finalPageUrl,event,version,mrev,msgNum,timestamp,pageVis,pageFoc,url,isHP,referrer,rand,startTime,finalPageUrl,event,version,mrev,msgNum,timestamp,pageVis,pageFoc,url,isHP,referrer,rand,startTime,finalPageUrl,event,version,mrev,msgNum,timestamp,pageVis,pageFoc,url,isHP,referrer,rand,startTime,finalPageUrl,event,version,mrev,msgNum,timestamp,pageVis,pageFoc
www.ichunqiu.com	user_list,rs
hm.baidu.com	dc878471410c7b5296219c347f9697f7
pwn.dog	v
www.freebuf.com	k,o,t
www.freebuf.com	ver
static.3001.net	ver
www.freebuf.com	2016022501.1
my.freebuf.com	url
hm.baidu.com	cc53db168808048541c6735ce30421f5
passport.baidu.com	cdnversion
hm.baidu.com	64ecd82404c51e03dc91cb9e8c025574
click.fanyi.baidu.com	src,locate,referer,type,page
click.fanyi.baidu.com	src,locate,action,type,page
fanyi.baidu.com	query
fanyi.baidu.com	from,to,query,transtype,simple_means_flag,sign,token
fanyi.baidu.com	req,fanyi_src,direction
avatars0.githubusercontent.com	s,v
