wp.mail.qq.com	poll
safebrowsing.googleapis.com	threatListUpdates:fetch
www.baidu.com	su
www.baidu.com	baidu
ss0.baidu.com	u=509238320,1709631336&fm=85&s=26305B830F9929ED8EB5A4DA03008093
ss0.baidu.com	u=1908657762,3440078867&fm=85&app=63&f=JPG
ss1.baidu.com	u=2246525383,282918672&fm=58&s=2455EE368490F99055F58DE401007063&bpow=121&bpoh=75
ss0.baidu.com	u=386120477,3884555658&fm=85&s=79826D964583C9475A19FE7B03005075
ss1.baidu.com	u=292971100,3376981379&fm=58&bpow=409&bpoh=409
ss0.bdstatic.com	image
sp0.baidu.com	su
www.baidu.com	personalcontent
sp2.baidu.com	link
www.baidu.com	link
www.ichunqiu.com	robots.txt
s13.cnzz.com	z_stat.php
tajs.qq.com	stats
sp3.baidu.com	ps_fp.htm
static2.ichunqiu.com	base.js
static2.ichunqiu.com	jQuery.ajax.js
static2.ichunqiu.com	jquery1.8.3.min.js
static2.ichunqiu.com	header.js
static2.ichunqiu.com	area.js
ss2.baidu.com	u=665964968,1641919982&fm=58
ss0.baidu.com	u=1729844535,3751946463&fm=58
ss0.baidu.com	u=958582965,3701613629&fm=58
ss0.baidu.com	u=3227899938,1552502071&fm=58
ss1.baidu.com	u=1183268308,1061509156&fm=58
ss1.baidu.com	u=2163817513,3573126445&fm=58
ss2.baidu.com	u=3765088736,682734184&fm=58
static2.ichunqiu.com	IRD-i.js
ss0.baidu.com	u=3467028393,1992142248&fm=58
ss2.baidu.com	u=518757449,1698228529&fm=58
c.cnzz.com	core.php
ss0.baidu.com	u=3005087691,3332230319&fm=58
static2.ichunqiu.com	jquery.mCustomScrollbar.concat.min.js
static2.ichunqiu.com	main.js
ss0.baidu.com	u=3899564049,2992253906&fm=58
static2.ichunqiu.com	robot.js
www.ichunqiu.com	iscompany
www.ichunqiu.com	hotSearch
hm.baidu.com	hm.js
pingtas.qq.com	pingd
static2.ichunqiu.com	jweixin-1.0.0.js
static2.ichunqiu.com	share.js
static2.ichunqiu.com	share_api.js
www.ichunqiu.com	ajaxTrainUser
static2.ichunqiu.com	share_view.js
static2.ichunqiu.com	view_base.js
static2.ichunqiu.com	tangram.js
static2.ichunqiu.com	api_base.js
tag.baidu.com	v.js
static2.ichunqiu.com	logger.js
static2.ichunqiu.com	favicon.ico
z7.cnzz.com	stat.htm
www.ichunqiu.com	banner
www.ichunqiu.com	ajaxRegisterText
at.alicdn.com	font_520610_x76kg28tmxwdn29.woff
www.ichunqiu.com	DC0531
static2.ichunqiu.com	bootstrap.min.js
static2.ichunqiu.com	jquery.validate.min.js
static2.ichunqiu.com	mix.js
static2.ichunqiu.com	svg_in.js
static2.ichunqiu.com	component.js
static2.ichunqiu.com	loginReg.js
static2.ichunqiu.com	yenjoy.js
static2.ichunqiu.com	qadfyd.js
static2.ichunqiu.com	courseSearch.js
static2.ichunqiu.com	exp1.js
www.ichunqiu.com	ajaxDoSearch
www.baidu.com	error.html
www.ichunqiu.com	932597
static2.ichunqiu.com	teacher.js
www.ichunqiu.com	ajaxCheckMemberCourse
www.ichunqiu.com	63178
static2.ichunqiu.com	jquery.raty.min.js
static2.ichunqiu.com	polyfill.min.js
static2.ichunqiu.com	discuss.js
static2.ichunqiu.com	ichunqiu-media-play.min.js
static2.ichunqiu.com	ichunqiu-media-base.js
static2.ichunqiu.com	jquery.danmu.js
static2.ichunqiu.com	jquery.range.js
static2.ichunqiu.com	socket.io.js
static2.ichunqiu.com	video.js
static2.ichunqiu.com	course_details.js
www.ichunqiu.com	getDanmu
www.ichunqiu.com	63178.m3u8
www.ichunqiu.com	verify_image
www.ichunqiu.com	queryCourseComment
www.ichunqiu.com	queryCourseScore
www.ichunqiu.com	getCourseScoreInfo
static2.ichunqiu.com	partners.js
www.ichunqiu.com	youlike
www.ichunqiu.com	topbuy
mv.ichunqiu.com	631780.ts
www.ichunqiu.com	ajaxCheckMemberUser
pwn.dog	jquery.lazyload.js
pwn.dog	velocity.ui.min.js
pwn.dog	index.js
pwn.dog	fastclick.min.js
pwn.dog	jquery.fancybox.pack.js
pwn.dog	velocity.min.js
image.3001.net	1545900856_5c249338494c5.jpg!small
image.3001.net	1545901029_5c2493e5df42e.jpg!small
image.3001.net	1545901489_5c2495b16d936.jpg!small
image.3001.net	1545901571_5c2496038d245.jpg!small
image.3001.net	1545900798_5c2492feafa47.jpg!small
image.3001.net	1545901658_5c24965a4679e.jpg!small
image.3001.net	1545901828_5c24970460d7f.jpg!small
image.3001.net	1545902535_5c2499c7a5ba4.jpg!small
image.3001.net	1545901792_5c2496e0d3aea.jpg!small
image.3001.net	1545902622_5c249a1e26bcd.jpg!small
www.freebuf.com	193146.html
www.freebuf.com	ajaxfileupload.js
www.freebuf.com	css.php
www.freebuf.com	wpfp.js
www.freebuf.com	comments-ajax.js
static.3001.net	prettify.js
www.freebuf.com	script.js
static.3001.net	jquery.nivo.slider.pack.js
static.3001.net	bjqs-1.3.min.js
www.freebuf.com	jquery-2.0.3.min.js
static.3001.net	highslide-with-html.packed.js
static.3001.net	backtop.js
www.freebuf.com	highlight.pack.js
www.freebuf.com	layer.js
static.3001.net	jquery.min.js
www.freebuf.com	bootstrap.min.js
www.freebuf.com	jquery.sticky.js
www.freebuf.com	slider.js
www.freebuf.com	mosaic.1.0.1.min.js
static.3001.net	header.js
static.3001.net	setint.js
static.3001.net	wp-recentcomments-jquery.js
static.3001.net	swiper-3.4.2.min.js
static.3001.net	lazyload.js
my.freebuf.com	qrcode
hm.baidu.com	h.js
image.3001.net	1502326001495.png!video
image.3001.net	15119333396679.bmp!video
image.3001.net	15104929951232.jpg!video
image.3001.net	15253302015116.jpg!video
image.3001.net	time.svg
image.3001.net	more.svg
www.freebuf.com	zoomout.cur
www.freebuf.com	193491.html
fanyi.baidu.com	robots.txt
passport.baidu.com	uni_login_wrapper.js
fanyi.baidu.com	langdetect
fanyi.baidu.com	v2transapi
fanyi.baidu.com	pcnewcollection
github.com	robots.txt
github.githubassets.com	github-c7f03d5ef6aaae304485c5b3de96e9ca.js
github.githubassets.com	frameworks-86a0354a63afd3be29a60890d0d96cb9.js
avatars0.githubusercontent.com	34545908
