www.baidu.com	su
j1.58cdn.com.cn	entry.js
tracklog.58.com	referrer4.js
api.58.com	version
api.58.com	33
api.58.com	nearCities-bj
stat-58home.58che.com	ol_58home.js
adshow.58.com	ssp_init.js
webim.58.com	index
suggest.58.com	home_hotword.do
passport.58.com	data
passport.58.com	submit
passport.58.com	clientid
passport.58.com	connect
passport.58.com	imgurl
passport.58.com	img
mp.weixin.qq.com	showqrcode
passport.58.com	dologin
stat-58home.58che.com	bms_tag.php
adshow.58.com	sspshow.js
ppuswapapi.58.com	im
im.58.com	init
imgets.58.com	websocket
im.58.com	get_chat_records
im.58.com	get_session_list
im.58.com	get_user_info_batch
im.58.com	get_users_online_info
cdata.58.com	fpData
www.zhihu.com	robots.txt
www.zhihu.com	signup
static.zhihu.com	vendor.068f42571c2a44da057f.js
static.zhihu.com	main.app.7b52592245f2dc1551af.js
unpkg.zhimg.com	init.js
static.zhihu.com	favicon.ico
www.zhihu.com	udid
www.zhihu.com	preset_words
www.zhihu.com	supported_countries
www.zhihu.com	captcha
static.zhihu.com	main.signflow.37579c8a7b4dcd943358.js
unpkg.zhimg.com	zap.js
unpkg.zhimg.com	zfeedback.js
www.zhihu.com	sc-profiler
zhihu-web-analytics.zhihu.com	payload-verification
www.zhihu.com	register_form
zhihu-web-analytics.zhihu.com	batch
www.zhihu.com	sign_in
www.zhihu.com	digits
www.baidu.com	su
j1.58cdn.com.cn	entry.js
tracklog.58.com	referrer4.js
api.58.com	version
api.58.com	33
api.58.com	nearCities-bj
stat-58home.58che.com	ol_58home.js
adshow.58.com	ssp_init.js
webim.58.com	index
suggest.58.com	home_hotword.do
passport.58.com	data
passport.58.com	submit
passport.58.com	clientid
passport.58.com	connect
passport.58.com	imgurl
passport.58.com	img
mp.weixin.qq.com	showqrcode
passport.58.com	dologin
stat-58home.58che.com	bms_tag.php
adshow.58.com	sspshow.js
ppuswapapi.58.com	im
im.58.com	init
imgets.58.com	websocket
im.58.com	get_chat_records
im.58.com	get_session_list
im.58.com	get_user_info_batch
im.58.com	get_users_online_info
cdata.58.com	fpData
www.zhihu.com	robots.txt
www.zhihu.com	signup
static.zhihu.com	vendor.068f42571c2a44da057f.js
static.zhihu.com	main.app.7b52592245f2dc1551af.js
unpkg.zhimg.com	init.js
static.zhihu.com	favicon.ico
www.zhihu.com	udid
www.zhihu.com	preset_words
www.zhihu.com	supported_countries
www.zhihu.com	captcha
static.zhihu.com	main.signflow.37579c8a7b4dcd943358.js
unpkg.zhimg.com	zap.js
unpkg.zhimg.com	zfeedback.js
www.zhihu.com	sc-profiler
zhihu-web-analytics.zhihu.com	payload-verification
www.zhihu.com	register_form
zhihu-web-analytics.zhihu.com	batch
www.zhihu.com	sign_in
www.zhihu.com	digits
