i.g-fox.cn	search
i.g-fox.cn	rd29.html
www.baidu.com	con
www.baidu.com	baidu
ss1.baidu.com	u=1763876272,2949471788&fm=85&app=52&f=JPEG
ss0.bdstatic.com	image
ss0.baidu.com	u=1386913224,2612658195&fm=85&s=AE3242845400894912AB3D910300C0A8
ss2.baidu.com	u=3986122934,1485625625&fm=58&s=1B66C812DCE03E9078BB0EEB0300702F&bpow=121&bpoh=75
ss0.bdstatic.com	5d4e9b24-dcc5-483a-b6da-be1e9e621891.js
ss1.bdstatic.com	all_async_search_8b82c51.js
sp0.baidu.com	su
www.baidu.com	personalcontent
sp3.baidu.com	ps_fp.htm
wp.mail.qq.com	poll
gh0st.cn	robots.txt
hm.baidu.com	hm.js
www.baidu.com	su
security.58.com	robots.txt
j1.58cdn.com.cn	security_common.js
security.58.com	sea.js
w.cnzz.com	c.php
c.cnzz.com	core.php
z7.cnzz.com	stat.htm
safebrowsing.googleapis.com	fullHashes:find
safebrowsing.googleapis.com	threatListUpdates:fetch
hackerone.com	alibaba
hackerone.com	robots.txt
i.g-fox.cn	search
i.g-fox.cn	rd29.html
www.baidu.com	con
www.baidu.com	baidu
ss1.baidu.com	u=1763876272,2949471788&fm=85&app=52&f=JPEG
ss0.bdstatic.com	image
ss0.baidu.com	u=1386913224,2612658195&fm=85&s=AE3242845400894912AB3D910300C0A8
ss2.baidu.com	u=3986122934,1485625625&fm=58&s=1B66C812DCE03E9078BB0EEB0300702F&bpow=121&bpoh=75
ss0.bdstatic.com	5d4e9b24-dcc5-483a-b6da-be1e9e621891.js
ss1.bdstatic.com	all_async_search_8b82c51.js
sp0.baidu.com	su
www.baidu.com	personalcontent
sp3.baidu.com	ps_fp.htm
wp.mail.qq.com	poll
gh0st.cn	robots.txt
hm.baidu.com	hm.js
www.baidu.com	su
security.58.com	robots.txt
j1.58cdn.com.cn	security_common.js
security.58.com	sea.js
w.cnzz.com	c.php
c.cnzz.com	core.php
z7.cnzz.com	stat.htm
safebrowsing.googleapis.com	fullHashes:find
safebrowsing.googleapis.com	threatListUpdates:fetch
hackerone.com	alibaba
hackerone.com	robots.txt
download.api.bsb.baidu.com	downloads
bugs.shuimugan.com	favicon.ico
www.google-analytics.com	analytics.js
www.google-analytics.com	collect
stats.g.doubleclick.net	collect
ss1.bdstatic.com	u=4157384586,2468722083&fm=96&s=E2B05CCA8E61510741116A020300F0D3&w=121&h=75&img.JPEG
ss0.bdstatic.com	u=4266485935,3990585118&fm=96&app=25&f=JPEG
ss0.baidu.com	u=891539460,378178689&fm=85&s=5133487CCF745C075B956A59030040F4
ss1.baidu.com	u=81107326,3689697799&fm=58
ss1.baidu.com	u=3434179222,1841205510&fm=58
ss1.baidu.com	u=838925896,3989705090&fm=58
ss0.baidu.com	u=323377239,2241522559&fm=85&app=57&f=JPEG
ss0.baidu.com	u=2481887799,2923201385&fm=58
ss0.baidu.com	u=680582043,2592245467&fm=58
ss2.baidu.com	u=2144835713,1656341651&fm=85&app=60&f=PNG
ss1.baidu.com	u=3253543792,3992772350&fm=58
ss2.baidu.com	u=3267991688,41862478&fm=58
ss2.baidu.com	u=3638599133,2127934094&fm=58
ss1.baidu.com	u=4272115945,1496054508&fm=58
ss0.baidu.com	u=749686860,2920653899&fm=58
ss0.baidu.com	u=2152308558,4183064731&fm=58
ss1.baidu.com	u=2148678349,4021234675&fm=58
ss2.baidu.com	u=1817147879,729110213&fm=58
ss1.baidu.com	u=1736932642,4136358030&fm=58
ss0.baidu.com	u=3400746447,2027310602&fm=58
ss0.baidu.com	u=3341185605,521742116&fm=58
ss0.baidu.com	u=3979928625,848131662&fm=58
www.baidu.com	link
sp2.baidu.com	link
jingyan.baidu.com	3065b3b6d46bdebecff8a488.html
jingyan.baidu.com	robots.txt
fex.bdstatic.com	alog.min.js
exp.bdstatic.com	feeds-video_2cee9a9.js
exp.bdstatic.com	cyberplayer.min_35ae0e4.js
dup.baidustatic.com	os.js
himg.bdimg.com	87a37a68796c3731303410
pos.baidu.com	fcbm
ss1.bdstatic.com	nstip.js
exp.bdstatic.com	shell_v2_a1de90e.js
jingyan.baidu.com	log
exp.bdstatic.com	common_async_js_1_efc2f1d.js
exp.bdstatic.com	article_async_js_0_f818712.js
exp.bdstatic.com	zh-cn.js
jingyan.baidu.com	getSystemNoticeCount
ksv-video-publish.cdn.bcebos.com	5fa1b9a1e5ec37adcc529b4ea48cbffeb8066327.mp4
drm.media.baidubce.com	playerAuth
exp.bdstatic.com	map.js
wn.pos.baidu.com	adx.php
jingyan.baidu.com	asyncreq
exp.bdstatic.com	formula.js
pos.baidu.com	snippetcacher.php
drm.media.baidubce.com	available
drm.media.baidubce.com	play
drm.media.baidubce.com	count
fex.bdstatic.com	dp.min.js
pos.baidu.com	o.htm
dup.baidustatic.com	wh.js
dup.baidustatic.com	fb.js
eclick.baidu.com	fp.htm
eclick.baidu.com	a.js
baijiahao.baidu.com	s
baijiahao.baidu.com	robots.txt
ss0.bdstatic.com	jquery_0affbc1.js
ss0.bdstatic.com	land_min_pack_a8303a0.js
ss0.bdstatic.com	index_31f386d.js
ss0.baidu.com	u=3265494597,820538894&fm=175&app=25&f=JPEG
ss1.baidu.com	u=3516451342,3466958041&fm=175&app=25&f=JPEG
ss2.baidu.com	u=4039352465,3410063383&fm=175&app=25&f=JPEG
ss0.baidu.com	u=1701173526,3036415820&fm=173&app=25&f=JPG
ss0.baidu.com	u=1468437414,247645031&fm=173&app=49&f=JPEG
ss2.baidu.com	u=1553476931,3414332309&fm=173&app=49&f=JPEG
timg01.bdimg.com	timg
ss2.baidu.com	u=124975895,3015248274&fm=173&app=49&f=JPEG
ss0.baidu.com	u=1349988153,4218074716&fm=173&app=49&f=JPEG
ss0.baidu.com	u=2271786207,1594179311&fm=175&app=25&f=JPEG
gss0.bdstatic.com	favicon64.ico
cpro.baidustatic.com	c.js
mbd.baidu.com	getusername
pos.baidu.com	xcem
github.githubassets.com	github-a004f249d4a217e23cc0ccd89aa8f76c.js
avatars0.githubusercontent.com	34545908
github.com	recent-activity
github.com	dashboard-feed
collector.githubapp.com	collect
live.github.com	VjI6MzU4OTUyMzgwOjM2YmEzNWQ4OWQyMzRhZmZiMzA1MzJkODg5ODljYWZhYmExYTYzMzAyZDIzZGYxNzAwMTliZTZmODliYTdlM2U=--ad2161be6a6bd4183722df05613d84f2f268d8cb
avatars0.githubusercontent.com	1418567
collector.githubapp.com	page_view
api.github.com	stats
github.com	GetSuggestedNavigationDestinations
collector.githubapp.com	browser_event
github.com	search
github.com	count
live.github.com	VjI6MzU4OTUyMzgwOjA3NjcyNThjYWMyYzU0MmVlMmI0OGRkYmY0MzhhMzVmMDQ4ZjkzZTdkZmI3Y2Q1Mjg2YTA2NjVmZTQzZjA1MDg=--2cc439b5d69e1c035259fca94e4ddb629ac5fdc3
github.com	BurpSuite
github.githubassets.com	search-key-slash.svg
avatars2.githubusercontent.com	9393930
github.com	show_partial
github.com	contributors_size
live.github.com	VjI6MzU4OTUyMzgwOmU0ZWUxMzdiZjQ5NTI1M2E3NGEzOWM2ZDQ4ZTJkYTUxMzdjZmY2Y2RkM2VhYTgzMWVjOGQxMDViMjQ3YWIyYzc=--412ef371464ccbeaa9d05eff258d99eda019822c
github.com	Extender
github.com	BurpDOMXSS
github.com	BurpSmartBuster
avatars0.githubusercontent.com	3966796
camo.githubusercontent.com	687474703a2f2f692e696d6775722e636f6d2f7248546f4868652e706e67
live.github.com	VjI6MzU4OTUyMzgwOjNlYTI0ZWUxZjE4OTNjNTVjNDE4YWJhY2E0MDc3YTRjMDJkYWMyZTk0MTI5YmNiZmI3YjllMjVkNTM5NmQ4NmY=--1e62f638a60f1a7e2dc58c658cfd5c58d10786ab
fanyi.bdstatic.com	mod_b80b8f9.js
passport.baidu.com	uni_login_wrapper.js
fanyi.baidu.com	langdetect
fanyi.baidu.com	v2transapi
fanyi.baidu.com	pcnewcollection
fanyi.baidu.com	transapi
fanyi.baidu.com	multitransapi
github.com	burp-extensions
avatars1.githubusercontent.com	1854557
live.github.com	VjI6MzU4OTUyMzgwOjc4ZjVjZGQyNzFiMjU4Y2I0OGU3MTdlOTYyZGVkMDIzYTNlMmEzNmVlM2QwYmJhOWQ4MDVjYWMwYjJiMTViY2Q=--3951a32902f5f34130ba1a6637f92a96da3c9227
github.com	master
github.com	JSON
github.com	Sqlmap
avatars1.githubusercontent.com	1465302
live.github.com	VjI6MzU4OTUyMzgwOjhiOThmZTU1MTJjZmM1ZDE1NTU5ZjY0OGI5Mjc5MzIxYTI0YjZjMWJlNmQxNDkyNzE0YmNmMjg1MmQxYmRjOGI=--b9ff46136141a9ce20ca9e2558fe6f01e63c32d9
github.com	burp.extension-googlehack
github.com	3eaab808d5ae3f73c3ced2bf857539a2d96cf8f4
live.github.com	VjI6MzU4OTUyMzgwOmVlODIyZWI0M2RjNWE3MTJjODNhMTVmYzQ1M2E5ZDJiZWE5YWI0ODQ0NmIxMThkYzkyYTU4ZDhkNDNmNDk3YjM=--30501f86351faaa5330ac515d8b2485ac55cdcc7
camo.githubusercontent.com	68747470733a2f2f322e67726176617461722e636f6d2f6176617461722f37643732663239363933353561623531663630336563326630333361346634353f643d68747470732533412532462532466769746875622e6769746875626173736574732e636f6d253246696d6167657325324667726176617461727325324667726176617461722d757365722d3432302e706e6726723d6726733d3430
github.com	README.md
live.github.com	VjI6MzU4OTUyMzgwOjZjMjhhOTdlZWZkNjU5ZmYwZDQzZTZkZjdhY2Y0ZDI3Njc0Zjc5N2E1NjM5ODQxNzM2ZTFmYjBjYzNmZTYxY2M=--cf3b1d9f64ada941e93c2ef4cbc1bd25c08022a3
avatars2.githubusercontent.com	1465302
fanyi.baidu.com	sug
correctxt.baidu.com	correctxt
live.github.com	VjI6MzU4OTUyMzgwOmFhM2Q0YWMyZDRmZmIwNzdiYzEyYWM3ODkwNmU5Y2Q2ZTdiNThhZTk4MDE1MWI0MzYzYTBkMDA4ZWVmYmE5ODg=--fe398ef12fbecdaf125ce7939771a8abe1100f2b
github.com	Burp-API-Scripts
github.com	7522d2e7a970d99e689219c08a1512a766ade0b6
live.github.com	VjI6MzU4OTUyMzgwOjkyZDA2MmYzYWFhZWZkM2I3ZjMyZWU3MmRlNzFkZjNkMjExMTZiOWJiODMyOWE3ODZkOWM0ZmVlNDU0NmYwNzg=--a05cbcbd62bc3607e668528569cd90a273a444d7
avatars3.githubusercontent.com	23260642
ss0.baidu.com	u=2011360762,4112099202&fm=85&s=A720B80ACABE7BAD5ED4C5D3030040B7
ss0.baidu.com	u=3934378105,2699472389&fm=85&s=6D228C1A139E61C8165991D00100C0B1
ss0.baidu.com	u=352492840,4110862960&fm=85&s=BBA859225D0F60CA1CF8F0CB0200B0B3
sp1.baidu.com	selecttext
portswigger.net	robots.txt
portswigger.net	main
portswigger.net	portswigger-logo.svg
portswigger.net	ps-icons.woff
portswigger.net	ps-mobile-logo.svg
portswigger.net	writing-your-first-burp-suite-extension
portswigger.net	bappstore
portswigger.net	list
portswigger.net	ps-rating-full.svg
portswigger.net	ps-rating-empty.svg
github.com	portswigger
avatars3.githubusercontent.com	13749115
github.githubassets.com	frameworks-be15e106b4a7518f3a8ee2f63fa595ba.js
github.com	most_used
github.com	participation
live.github.com	VjI6MzU4OTUyMzgwOmRlOGY0ZjQzM2FkOTFkZjhlZmU1ZDg3Zjc1ZmQzYzgwMjRjZDA1YmNjMjEyZGZlM2E4MzU3NmUzNjNhOWE4ZTM=--2ba6769eef5b273de45c0bcb84a7f59212314723
github.com	PortSwigger
github.com	json-decoder
camo.githubusercontent.com	68747470733a2f2f302e67726176617461722e636f6d2f6176617461722f62313039336666306666643837663333366261663639653335633835356132613f643d68747470732533412532462532466769746875622e6769746875626173736574732e636f6d253246696d6167657325324667726176617461727325324667726176617461722d757365722d3432302e706e6726723d6726733d3430
live.github.com	VjI6MzU4OTUyMzgwOmJmOGNmMDc0N2E2YjM3NDk3MGQzOTZhNTkxMGJlZWEwOTI5ZTdiOWMxZTViZjk5NmMzODZiMzk5OTAyMDc2YWQ=--e4cce4cff3eed91155e7f64f8ae1ef54c1b58264
github.com	JSONDecoder.py
camo.githubusercontent.com	68747470733a2f2f302e67726176617461722e636f6d2f6176617461722f33636330376531383266376361303163326633663863393433363033656636393f643d68747470732533412532462532466769746875622e6769746875626173736574732e636f6d253246696d6167657325324667726176617461727325324667726176617461722d757365722d3432302e706e6726723d6726733d313430
avatars3.githubusercontent.com	669703
portswigger.net	favicon.ico
gh0st.cn	1
gh0st.cn	2
www.vipread.com	robots.txt
tjs.sjs.sinajs.cn	wb.js
www.vipread.com	pace.min.js
www.vipread.com	bootstrap.min.js
www.vipread.com	drilldown.js
www.vipread.com	fancybox.min.js
www.vipread.com	datatables.min.js
www.vipread.com	app.js
www.vipread.com	jquery.min.js
www.vipread.com	blockui.min.js
www.vipread.com	wookmark.min.js
www.vipread.com	gallery_library.js
www.vipread.com	nicescroll.min.js
www.vipread.com	uniform.min.js
www.vipread.com	select2.min.js
api.weibo.com	query
cdnjs.cloudflare.com	Markdown.Sanitizer.min.js
cdnjs.cloudflare.com	Markdown.Converter.min.js
cdnjs.cloudflare.com	moment-with-locales.min.js
www.vipread.com	icomoon.woff
fonts.gstatic.com	RxZJdnzeo3R5zSexge8UUbO3LdcAZYWl9Si6vvxL-qU.woff
fonts.gstatic.com	d-6IYplOFocCacKzxwXSOLO3LdcAZYWl9Si6vvxL-qU.woff
q14.cnzz.com	stat.htm
www.vipread.com	favicon.ico
www.vipread.com	search
www.vipread.com	highlightRegex.min.js
www.vipread.com	1810
www.vipread.com	typeahead.bundle.min.js
www.vipread.com	touchspin.min.js
www.vipread.com	sijax.js
www.vipread.com	switchery.min.js
www.vipread.com	tokenfield.min.js
www.vipread.com	validate.min.js
www.vipread.com	prism.min.js
www.vipread.com	tagsinput.min.js
www.vipread.com	bootstrap_multiselect.js
www.vipread.com	switch.min.js
www.vipread.com	form_validation.js
www.vipread.com	newitem
api.weibo.com	authorize
api.weibo.com	robots.txt
api.weibo.com	ssologinqr.min.js
api.weibo.com	qrcode_login.js
api.weibo.com	oauth2Web.min.js
api.weibo.com	favicon.ico
api.weibo.com	generate
api.weibo.com	show
vipread.com	weibo
vipread.com	robots.txt
vipread.com	index
vipread.com	blockui.min.js
vipread.com	bootstrap.min.js
vipread.com	drilldown.js
vipread.com	pace.min.js
vipread.com	jquery.min.js
vipread.com	nicescroll.min.js
vipread.com	fancybox.min.js
vipread.com	uniform.min.js
vipread.com	gallery_library.js
vipread.com	wookmark.min.js
vipread.com	app.js
vipread.com	select2.min.js
vipread.com	datatables.min.js
vipread.com	icomoon.woff
vipread.com	favicon.ico
vipread.com	search
vipread.com	highlightRegex.min.js
vipread.com	1810
vipread.com	tokenfield.min.js
vipread.com	touchspin.min.js
vipread.com	prism.min.js
vipread.com	switch.min.js
vipread.com	form_validation.js
vipread.com	bootstrap_multiselect.js
vipread.com	sijax.js
vipread.com	switchery.min.js
vipread.com	validate.min.js
vipread.com	tagsinput.min.js
vipread.com	typeahead.bundle.min.js
vipread.com	newitem
pan.baidu.com	1mO8ScheCsp2ddVrO-J1XMw
pan.baidu.com	robots.txt
pan.baidu.com	system-core.js
pan.baidu.com	base.js
pan.baidu.com	mod.js
pan.baidu.com	file-widget-1-manifest.js
pan.baidu.com	file-widget-1-map.js
pan.baidu.com	function-widget-1-manifest.js
pan.baidu.com	function-widget-1-map.js
pan.baidu.com	log.js
pan.baidu.com	yunData_95e698a.js
pan.baidu.com	system_a997316.js
pan.baidu.com	page-ui_04139f1.js
pan.baidu.com	boot.js
pcsdata.baidu.com	file
pcs.baidu.com	file
pan.baidu.com	user
pan.baidu.com	sync-all_39809e0.js
pan.baidu.com	list
pan.baidu.com	count
pan.baidu.com	data
pan.baidu.com	autoincre
pan.baidu.com	uinfo
pan.baidu.com	analytics
pan.baidu.com	disk.header.js
pan.baidu.com	cmsdata
pan.baidu.com	baidu-tongji.js
pan.baidu.com	getinfo
pan.baidu.com	sync-all_997c9e5.js
hm.baidu.com	h.js
passport.baidu.com	auth
pan.baidu.com	yunfont.ttf
pan.baidu.com	refreshcount
pan.baidu.com	socket.js
pan.baidu.com	adx
pan.baidu.com	doc-all_223dcdd.js
pan.baidu.com	query
pan.baidu.com	authorize
pan.baidu.com	newnum
pcsdata.baidu.com	20e5aacc0cef5ab6178255e18f8c2656
pan.baidu.com	favicon.ico
pan.baidu.com	check
pan.baidu.com	async-all_3ffd13f.js
pan.baidu.com	isp
d.pcs.baidu.com	manage
pan.baidu.com	sharedownload
d.pcs.baidu.com	20e5aacc0cef5ab6178255e18f8c2656
update.pan.baidu.com	statistics
yqall01.baidupcs.com	20e5aacc0cef5ab6178255e18f8c2656
sb-ssl.google.com	download
i.g-fox.cn	search
i.g-fox.cn	rd29.html
www.baidu.com	con
www.baidu.com	baidu
ss1.baidu.com	u=1763876272,2949471788&fm=85&app=52&f=JPEG
ss0.bdstatic.com	image
ss0.baidu.com	u=1386913224,2612658195&fm=85&s=AE3242845400894912AB3D910300C0A8
ss2.baidu.com	u=3986122934,1485625625&fm=58&s=1B66C812DCE03E9078BB0EEB0300702F&bpow=121&bpoh=75
ss0.bdstatic.com	5d4e9b24-dcc5-483a-b6da-be1e9e621891.js
ss1.bdstatic.com	all_async_search_8b82c51.js
sp0.baidu.com	su
www.baidu.com	personalcontent
sp3.baidu.com	ps_fp.htm
wp.mail.qq.com	poll
gh0st.cn	robots.txt
hm.baidu.com	hm.js
www.baidu.com	su
security.58.com	robots.txt
j1.58cdn.com.cn	security_common.js
security.58.com	sea.js
w.cnzz.com	c.php
c.cnzz.com	core.php
z7.cnzz.com	stat.htm
safebrowsing.googleapis.com	fullHashes:find
safebrowsing.googleapis.com	threatListUpdates:fetch
hackerone.com	alibaba
hackerone.com	robots.txt
download.api.bsb.baidu.com	downloads
bugs.shuimugan.com	favicon.ico
www.google-analytics.com	analytics.js
www.google-analytics.com	collect
stats.g.doubleclick.net	collect
ss1.bdstatic.com	u=4157384586,2468722083&fm=96&s=E2B05CCA8E61510741116A020300F0D3&w=121&h=75&img.JPEG
ss0.bdstatic.com	u=4266485935,3990585118&fm=96&app=25&f=JPEG
ss0.baidu.com	u=891539460,378178689&fm=85&s=5133487CCF745C075B956A59030040F4
ss1.baidu.com	u=81107326,3689697799&fm=58
ss1.baidu.com	u=3434179222,1841205510&fm=58
ss1.baidu.com	u=838925896,3989705090&fm=58
ss0.baidu.com	u=323377239,2241522559&fm=85&app=57&f=JPEG
ss0.baidu.com	u=2481887799,2923201385&fm=58
ss0.baidu.com	u=680582043,2592245467&fm=58
ss2.baidu.com	u=2144835713,1656341651&fm=85&app=60&f=PNG
ss1.baidu.com	u=3253543792,3992772350&fm=58
ss2.baidu.com	u=3267991688,41862478&fm=58
ss2.baidu.com	u=3638599133,2127934094&fm=58
ss1.baidu.com	u=4272115945,1496054508&fm=58
ss0.baidu.com	u=749686860,2920653899&fm=58
ss0.baidu.com	u=2152308558,4183064731&fm=58
ss1.baidu.com	u=2148678349,4021234675&fm=58
ss2.baidu.com	u=1817147879,729110213&fm=58
ss1.baidu.com	u=1736932642,4136358030&fm=58
ss0.baidu.com	u=3400746447,2027310602&fm=58
ss0.baidu.com	u=3341185605,521742116&fm=58
ss0.baidu.com	u=3979928625,848131662&fm=58
www.baidu.com	link
sp2.baidu.com	link
jingyan.baidu.com	3065b3b6d46bdebecff8a488.html
jingyan.baidu.com	robots.txt
fex.bdstatic.com	alog.min.js
exp.bdstatic.com	feeds-video_2cee9a9.js
exp.bdstatic.com	cyberplayer.min_35ae0e4.js
dup.baidustatic.com	os.js
himg.bdimg.com	87a37a68796c3731303410
pos.baidu.com	fcbm
ss1.bdstatic.com	nstip.js
exp.bdstatic.com	shell_v2_a1de90e.js
jingyan.baidu.com	log
exp.bdstatic.com	common_async_js_1_efc2f1d.js
exp.bdstatic.com	article_async_js_0_f818712.js
exp.bdstatic.com	zh-cn.js
jingyan.baidu.com	getSystemNoticeCount
ksv-video-publish.cdn.bcebos.com	5fa1b9a1e5ec37adcc529b4ea48cbffeb8066327.mp4
drm.media.baidubce.com	playerAuth
exp.bdstatic.com	map.js
wn.pos.baidu.com	adx.php
jingyan.baidu.com	asyncreq
exp.bdstatic.com	formula.js
pos.baidu.com	snippetcacher.php
drm.media.baidubce.com	available
drm.media.baidubce.com	play
drm.media.baidubce.com	count
fex.bdstatic.com	dp.min.js
pos.baidu.com	o.htm
dup.baidustatic.com	wh.js
dup.baidustatic.com	fb.js
eclick.baidu.com	fp.htm
eclick.baidu.com	a.js
baijiahao.baidu.com	s
baijiahao.baidu.com	robots.txt
ss0.bdstatic.com	jquery_0affbc1.js
ss0.bdstatic.com	land_min_pack_a8303a0.js
ss0.bdstatic.com	index_31f386d.js
ss0.baidu.com	u=3265494597,820538894&fm=175&app=25&f=JPEG
ss1.baidu.com	u=3516451342,3466958041&fm=175&app=25&f=JPEG
ss2.baidu.com	u=4039352465,3410063383&fm=175&app=25&f=JPEG
ss0.baidu.com	u=1701173526,3036415820&fm=173&app=25&f=JPG
ss0.baidu.com	u=1468437414,247645031&fm=173&app=49&f=JPEG
ss2.baidu.com	u=1553476931,3414332309&fm=173&app=49&f=JPEG
timg01.bdimg.com	timg
ss2.baidu.com	u=124975895,3015248274&fm=173&app=49&f=JPEG
ss0.baidu.com	u=1349988153,4218074716&fm=173&app=49&f=JPEG
ss0.baidu.com	u=2271786207,1594179311&fm=175&app=25&f=JPEG
gss0.bdstatic.com	favicon64.ico
cpro.baidustatic.com	c.js
mbd.baidu.com	getusername
pos.baidu.com	xcem
github.githubassets.com	github-a004f249d4a217e23cc0ccd89aa8f76c.js
avatars0.githubusercontent.com	34545908
github.com	recent-activity
github.com	dashboard-feed
collector.githubapp.com	collect
live.github.com	VjI6MzU4OTUyMzgwOjM2YmEzNWQ4OWQyMzRhZmZiMzA1MzJkODg5ODljYWZhYmExYTYzMzAyZDIzZGYxNzAwMTliZTZmODliYTdlM2U=--ad2161be6a6bd4183722df05613d84f2f268d8cb
avatars0.githubusercontent.com	1418567
collector.githubapp.com	page_view
api.github.com	stats
github.com	GetSuggestedNavigationDestinations
collector.githubapp.com	browser_event
github.com	search
github.com	count
live.github.com	VjI6MzU4OTUyMzgwOjA3NjcyNThjYWMyYzU0MmVlMmI0OGRkYmY0MzhhMzVmMDQ4ZjkzZTdkZmI3Y2Q1Mjg2YTA2NjVmZTQzZjA1MDg=--2cc439b5d69e1c035259fca94e4ddb629ac5fdc3
github.com	BurpSuite
github.githubassets.com	search-key-slash.svg
avatars2.githubusercontent.com	9393930
github.com	show_partial
github.com	contributors_size
live.github.com	VjI6MzU4OTUyMzgwOmU0ZWUxMzdiZjQ5NTI1M2E3NGEzOWM2ZDQ4ZTJkYTUxMzdjZmY2Y2RkM2VhYTgzMWVjOGQxMDViMjQ3YWIyYzc=--412ef371464ccbeaa9d05eff258d99eda019822c
github.com	Extender
github.com	BurpDOMXSS
github.com	BurpSmartBuster
avatars0.githubusercontent.com	3966796
camo.githubusercontent.com	687474703a2f2f692e696d6775722e636f6d2f7248546f4868652e706e67
live.github.com	VjI6MzU4OTUyMzgwOjNlYTI0ZWUxZjE4OTNjNTVjNDE4YWJhY2E0MDc3YTRjMDJkYWMyZTk0MTI5YmNiZmI3YjllMjVkNTM5NmQ4NmY=--1e62f638a60f1a7e2dc58c658cfd5c58d10786ab
fanyi.bdstatic.com	mod_b80b8f9.js
passport.baidu.com	uni_login_wrapper.js
fanyi.baidu.com	langdetect
fanyi.baidu.com	v2transapi
fanyi.baidu.com	pcnewcollection
fanyi.baidu.com	transapi
fanyi.baidu.com	multitransapi
github.com	burp-extensions
avatars1.githubusercontent.com	1854557
live.github.com	VjI6MzU4OTUyMzgwOjc4ZjVjZGQyNzFiMjU4Y2I0OGU3MTdlOTYyZGVkMDIzYTNlMmEzNmVlM2QwYmJhOWQ4MDVjYWMwYjJiMTViY2Q=--3951a32902f5f34130ba1a6637f92a96da3c9227
github.com	master
github.com	JSON
github.com	Sqlmap
avatars1.githubusercontent.com	1465302
live.github.com	VjI6MzU4OTUyMzgwOjhiOThmZTU1MTJjZmM1ZDE1NTU5ZjY0OGI5Mjc5MzIxYTI0YjZjMWJlNmQxNDkyNzE0YmNmMjg1MmQxYmRjOGI=--b9ff46136141a9ce20ca9e2558fe6f01e63c32d9
github.com	burp.extension-googlehack
github.com	3eaab808d5ae3f73c3ced2bf857539a2d96cf8f4
live.github.com	VjI6MzU4OTUyMzgwOmVlODIyZWI0M2RjNWE3MTJjODNhMTVmYzQ1M2E5ZDJiZWE5YWI0ODQ0NmIxMThkYzkyYTU4ZDhkNDNmNDk3YjM=--30501f86351faaa5330ac515d8b2485ac55cdcc7
camo.githubusercontent.com	68747470733a2f2f322e67726176617461722e636f6d2f6176617461722f37643732663239363933353561623531663630336563326630333361346634353f643d68747470732533412532462532466769746875622e6769746875626173736574732e636f6d253246696d6167657325324667726176617461727325324667726176617461722d757365722d3432302e706e6726723d6726733d3430
github.com	README.md
live.github.com	VjI6MzU4OTUyMzgwOjZjMjhhOTdlZWZkNjU5ZmYwZDQzZTZkZjdhY2Y0ZDI3Njc0Zjc5N2E1NjM5ODQxNzM2ZTFmYjBjYzNmZTYxY2M=--cf3b1d9f64ada941e93c2ef4cbc1bd25c08022a3
avatars2.githubusercontent.com	1465302
fanyi.baidu.com	sug
correctxt.baidu.com	correctxt
live.github.com	VjI6MzU4OTUyMzgwOmFhM2Q0YWMyZDRmZmIwNzdiYzEyYWM3ODkwNmU5Y2Q2ZTdiNThhZTk4MDE1MWI0MzYzYTBkMDA4ZWVmYmE5ODg=--fe398ef12fbecdaf125ce7939771a8abe1100f2b
github.com	Burp-API-Scripts
github.com	7522d2e7a970d99e689219c08a1512a766ade0b6
live.github.com	VjI6MzU4OTUyMzgwOjkyZDA2MmYzYWFhZWZkM2I3ZjMyZWU3MmRlNzFkZjNkMjExMTZiOWJiODMyOWE3ODZkOWM0ZmVlNDU0NmYwNzg=--a05cbcbd62bc3607e668528569cd90a273a444d7
avatars3.githubusercontent.com	23260642
ss0.baidu.com	u=2011360762,4112099202&fm=85&s=A720B80ACABE7BAD5ED4C5D3030040B7
ss0.baidu.com	u=3934378105,2699472389&fm=85&s=6D228C1A139E61C8165991D00100C0B1
ss0.baidu.com	u=352492840,4110862960&fm=85&s=BBA859225D0F60CA1CF8F0CB0200B0B3
sp1.baidu.com	selecttext
portswigger.net	robots.txt
portswigger.net	main
portswigger.net	portswigger-logo.svg
portswigger.net	ps-icons.woff
portswigger.net	ps-mobile-logo.svg
portswigger.net	writing-your-first-burp-suite-extension
portswigger.net	bappstore
portswigger.net	list
portswigger.net	ps-rating-full.svg
portswigger.net	ps-rating-empty.svg
github.com	portswigger
avatars3.githubusercontent.com	13749115
github.githubassets.com	frameworks-be15e106b4a7518f3a8ee2f63fa595ba.js
github.com	most_used
github.com	participation
live.github.com	VjI6MzU4OTUyMzgwOmRlOGY0ZjQzM2FkOTFkZjhlZmU1ZDg3Zjc1ZmQzYzgwMjRjZDA1YmNjMjEyZGZlM2E4MzU3NmUzNjNhOWE4ZTM=--2ba6769eef5b273de45c0bcb84a7f59212314723
github.com	PortSwigger
github.com	json-decoder
camo.githubusercontent.com	68747470733a2f2f302e67726176617461722e636f6d2f6176617461722f62313039336666306666643837663333366261663639653335633835356132613f643d68747470732533412532462532466769746875622e6769746875626173736574732e636f6d253246696d6167657325324667726176617461727325324667726176617461722d757365722d3432302e706e6726723d6726733d3430
live.github.com	VjI6MzU4OTUyMzgwOmJmOGNmMDc0N2E2YjM3NDk3MGQzOTZhNTkxMGJlZWEwOTI5ZTdiOWMxZTViZjk5NmMzODZiMzk5OTAyMDc2YWQ=--e4cce4cff3eed91155e7f64f8ae1ef54c1b58264
github.com	JSONDecoder.py
camo.githubusercontent.com	68747470733a2f2f302e67726176617461722e636f6d2f6176617461722f33636330376531383266376361303163326633663863393433363033656636393f643d68747470732533412532462532466769746875622e6769746875626173736574732e636f6d253246696d6167657325324667726176617461727325324667726176617461722d757365722d3432302e706e6726723d6726733d313430
avatars3.githubusercontent.com	669703
portswigger.net	favicon.ico
gh0st.cn	1
gh0st.cn	2
www.vipread.com	robots.txt
tjs.sjs.sinajs.cn	wb.js
www.vipread.com	pace.min.js
www.vipread.com	bootstrap.min.js
www.vipread.com	drilldown.js
www.vipread.com	fancybox.min.js
www.vipread.com	datatables.min.js
www.vipread.com	app.js
www.vipread.com	jquery.min.js
www.vipread.com	blockui.min.js
www.vipread.com	wookmark.min.js
www.vipread.com	gallery_library.js
www.vipread.com	nicescroll.min.js
www.vipread.com	uniform.min.js
www.vipread.com	select2.min.js
api.weibo.com	query
cdnjs.cloudflare.com	Markdown.Sanitizer.min.js
cdnjs.cloudflare.com	Markdown.Converter.min.js
cdnjs.cloudflare.com	moment-with-locales.min.js
www.vipread.com	icomoon.woff
fonts.gstatic.com	RxZJdnzeo3R5zSexge8UUbO3LdcAZYWl9Si6vvxL-qU.woff
fonts.gstatic.com	d-6IYplOFocCacKzxwXSOLO3LdcAZYWl9Si6vvxL-qU.woff
q14.cnzz.com	stat.htm
www.vipread.com	favicon.ico
www.vipread.com	search
www.vipread.com	highlightRegex.min.js
www.vipread.com	1810
www.vipread.com	typeahead.bundle.min.js
www.vipread.com	touchspin.min.js
www.vipread.com	sijax.js
www.vipread.com	switchery.min.js
www.vipread.com	tokenfield.min.js
www.vipread.com	validate.min.js
www.vipread.com	prism.min.js
www.vipread.com	tagsinput.min.js
www.vipread.com	bootstrap_multiselect.js
www.vipread.com	switch.min.js
www.vipread.com	form_validation.js
www.vipread.com	newitem
api.weibo.com	authorize
api.weibo.com	robots.txt
api.weibo.com	ssologinqr.min.js
api.weibo.com	qrcode_login.js
api.weibo.com	oauth2Web.min.js
api.weibo.com	favicon.ico
api.weibo.com	generate
api.weibo.com	show
vipread.com	weibo
vipread.com	robots.txt
vipread.com	index
vipread.com	blockui.min.js
vipread.com	bootstrap.min.js
vipread.com	drilldown.js
vipread.com	pace.min.js
vipread.com	jquery.min.js
vipread.com	nicescroll.min.js
vipread.com	fancybox.min.js
vipread.com	uniform.min.js
vipread.com	gallery_library.js
vipread.com	wookmark.min.js
vipread.com	app.js
vipread.com	select2.min.js
vipread.com	datatables.min.js
vipread.com	icomoon.woff
vipread.com	favicon.ico
vipread.com	search
vipread.com	highlightRegex.min.js
vipread.com	1810
vipread.com	tokenfield.min.js
vipread.com	touchspin.min.js
vipread.com	prism.min.js
vipread.com	switch.min.js
vipread.com	form_validation.js
vipread.com	bootstrap_multiselect.js
vipread.com	sijax.js
vipread.com	switchery.min.js
vipread.com	validate.min.js
vipread.com	tagsinput.min.js
vipread.com	typeahead.bundle.min.js
vipread.com	newitem
pan.baidu.com	1mO8ScheCsp2ddVrO-J1XMw
pan.baidu.com	robots.txt
pan.baidu.com	system-core.js
pan.baidu.com	base.js
pan.baidu.com	mod.js
pan.baidu.com	file-widget-1-manifest.js
pan.baidu.com	file-widget-1-map.js
pan.baidu.com	function-widget-1-manifest.js
pan.baidu.com	function-widget-1-map.js
pan.baidu.com	log.js
pan.baidu.com	yunData_95e698a.js
pan.baidu.com	system_a997316.js
pan.baidu.com	page-ui_04139f1.js
pan.baidu.com	boot.js
pcsdata.baidu.com	file
pcs.baidu.com	file
pan.baidu.com	user
pan.baidu.com	sync-all_39809e0.js
pan.baidu.com	list
pan.baidu.com	count
pan.baidu.com	data
pan.baidu.com	autoincre
pan.baidu.com	uinfo
pan.baidu.com	analytics
pan.baidu.com	disk.header.js
pan.baidu.com	cmsdata
pan.baidu.com	baidu-tongji.js
pan.baidu.com	getinfo
pan.baidu.com	sync-all_997c9e5.js
hm.baidu.com	h.js
passport.baidu.com	auth
pan.baidu.com	yunfont.ttf
pan.baidu.com	refreshcount
pan.baidu.com	socket.js
pan.baidu.com	adx
pan.baidu.com	doc-all_223dcdd.js
pan.baidu.com	query
pan.baidu.com	authorize
pan.baidu.com	newnum
pcsdata.baidu.com	20e5aacc0cef5ab6178255e18f8c2656
pan.baidu.com	favicon.ico
pan.baidu.com	check
pan.baidu.com	async-all_3ffd13f.js
pan.baidu.com	isp
d.pcs.baidu.com	manage
pan.baidu.com	sharedownload
d.pcs.baidu.com	20e5aacc0cef5ab6178255e18f8c2656
update.pan.baidu.com	statistics
yqall01.baidupcs.com	20e5aacc0cef5ab6178255e18f8c2656
sb-ssl.google.com	download
