www.baidu.com	wd,tn,ie,action
j1.58cdn.com.cn	v
api.58.com	frontfile,callback
api.58.com	source,api_callback
api.58.com	api_callback
adshow.58.com	r
passport.58.com	path
webim.58.com	p
suggest.58.com	callback,cityid
passport.58.com	callback
passport.58.com	callback,clientId
passport.58.com	callback,clientId,listenerId,scene,source
passport.58.com	subject,scene
mp.weixin.qq.com	ticket
passport.58.com	source,password,timesign,isremember,callback,yzmstate,fingerprint,path,finger2,username,validcode,vcodekey,btnSubmit
bj.58.com	pts
stat-58home.58che.com	0.5357392894494867
message.58.com	userid,type,callback
adshow.58.com	dcid,dlid,pt,pf,sid,dcp,dlp,dltp,infoid,et,slotids,url,req_version,realRefer,pixel,protocol,r
ppuswapapi.58.com	appId,source,clientType,callback,key
im.58.com	params,version
imgets.58.com	version
im.58.com	params,version,wMDE3NTg2MTkzOjIiLCJaUF9EMUVFMjZGM0UwNTBDNEFDODY4OTI4Nzg2Q0JDMDVGREVBODk0N0I5QUJFNDcwMEZFN0RGODg3RkE2NkIzNEY0MTI6MiJdfQ2eyJpZHMiOlsiNDkzMzc3NDg5NjQzNzU6MiIsIjYwNzA1NTY4MzMyMjkwOjIiLCI1OTQ0NTcyNDUxNTA5NDoyIiwiNTcyNzc0NjI5ODI5MjU6MiIsIjYwNTc
cdata.58.com	xxzlfp,source
www.zhihu.com	next
www.zhihu.com	lang
www.zhihu.com	,,,
www.zhihu.com	T9rlS9KkLcbaS5rkn58oMK5k0o9a0WAzAtAzJdd1
www.zhihu.com	ToOk0KPwMtBtNXtzltBlMKpxBduq0PQzppOk0KPwMtBtNX0x1hBlMK6z8p9a01AzwLAlMK-pNsauCle2hdQwQGohKgroKsQ1uhfycDoh9hBtRlR1w-BlMKpmP5raNcrkg5bmLW_mahbbMsapisqxH60zMtAqPx8k1gbx96_mQwuaTsuwlwQwLCKlL_8uMwukkcNwAD_kAdNaKg8kig8x9X_pNsavMtf2wTQxDD9lMsMu02Bjk6uyCl9jHXAuclrh1lA1PxP1QgbfL_8l_5NlQ_omMsbbLoOk1_vz6PO10PesOx8k1oA1JTO1Nduqclrh1-v3Oxe2IdQqBx8k1_8k005lLkbvLcAl10rwNGdmAlrbScrwnwNwRWtx8l8uclrh20QvO2txDLAu
www.zhihu.com	lang,input_text
www.zhihu.com	Tof30PcpNsavK0f2AlvzNX5k09bbS_NkgcrkScokQ5N3Ms8k1oOk0Ktz6TQq0lv2
www.baidu.com	wd,tn,ie,action
j1.58cdn.com.cn	v
api.58.com	frontfile,callback
api.58.com	source,api_callback
api.58.com	api_callback
adshow.58.com	r
passport.58.com	path
webim.58.com	p
suggest.58.com	callback,cityid
passport.58.com	callback
passport.58.com	callback,clientId
passport.58.com	callback,clientId,listenerId,scene,source
passport.58.com	subject,scene
mp.weixin.qq.com	ticket
passport.58.com	source,password,timesign,isremember,callback,yzmstate,fingerprint,path,finger2,username,validcode,vcodekey,btnSubmit
bj.58.com	pts
stat-58home.58che.com	0.5357392894494867
message.58.com	userid,type,callback
adshow.58.com	dcid,dlid,pt,pf,sid,dcp,dlp,dltp,infoid,et,slotids,url,req_version,realRefer,pixel,protocol,r
ppuswapapi.58.com	appId,source,clientType,callback,key
im.58.com	params,version
imgets.58.com	version
im.58.com	params,version,wMDE3NTg2MTkzOjIiLCJaUF9EMUVFMjZGM0UwNTBDNEFDODY4OTI4Nzg2Q0JDMDVGREVBODk0N0I5QUJFNDcwMEZFN0RGODg3RkE2NkIzNEY0MTI6MiJdfQ2eyJpZHMiOlsiNDkzMzc3NDg5NjQzNzU6MiIsIjYwNzA1NTY4MzMyMjkwOjIiLCI1OTQ0NTcyNDUxNTA5NDoyIiwiNTcyNzc0NjI5ODI5MjU6MiIsIjYwNTc
cdata.58.com	xxzlfp,source
www.zhihu.com	next
www.zhihu.com	lang
www.zhihu.com	,,,
www.zhihu.com	T9rlS9KkLcbaS5rkn58oMK5k0o9a0WAzAtAzJdd1
www.zhihu.com	ToOk0KPwMtBtNXtzltBlMKpxBduq0PQzppOk0KPwMtBtNX0x1hBlMK6z8p9a01AzwLAlMK-pNsauCle2hdQwQGohKgroKsQ1uhfycDoh9hBtRlR1w-BlMKpmP5raNcrkg5bmLW_mahbbMsapisqxH60zMtAqPx8k1gbx96_mQwuaTsuwlwQwLCKlL_8uMwukkcNwAD_kAdNaKg8kig8x9X_pNsavMtf2wTQxDD9lMsMu02Bjk6uyCl9jHXAuclrh1lA1PxP1QgbfL_8l_5NlQ_omMsbbLoOk1_vz6PO10PesOx8k1oA1JTO1Nduqclrh1-v3Oxe2IdQqBx8k1_8k005lLkbvLcAl10rwNGdmAlrbScrwnwNwRWtx8l8uclrh20QvO2txDLAu
www.zhihu.com	lang,input_text
www.zhihu.com	Tof30PcpNsavK0f2AlvzNX5k09bbS_NkgcrkScokQ5N3Ms8k1oOk0Ktz6TQq0lv2
